C:\Users\rolan\OneDrive\Escritorio\Github\sihapp.public\Sihapp.Web.App\Sihapp.WebProject\Scripts\Controllers\Appointments\AppointmentListCtrl.js
C:\Users\rolan\OneDrive\Escritorio\Github\sihapp.public\Sihapp.Web.App\Sihapp.WebProject\Scripts\Controllers\Appointments\AppointmentListCtrl.js.map
C:\Users\rolan\OneDrive\Escritorio\Github\sihapp.public\Sihapp.Web.App\Sihapp.WebProject\Scripts\Controllers\ClinicMen\SettingsCtrl.js
C:\Users\rolan\OneDrive\Escritorio\Github\sihapp.public\Sihapp.Web.App\Sihapp.WebProject\Scripts\Controllers\ClinicMen\SettingsCtrl.js.map
C:\Users\rolan\OneDrive\Escritorio\Github\sihapp.public\Sihapp.Web.App\Sihapp.WebProject\Scripts\Controllers\Consult\ConsultCtrl.js
C:\Users\rolan\OneDrive\Escritorio\Github\sihapp.public\Sihapp.Web.App\Sihapp.WebProject\Scripts\Controllers\Consult\ConsultCtrl.js.map
C:\Users\rolan\OneDrive\Escritorio\Github\sihapp.public\Sihapp.Web.App\Sihapp.WebProject\Scripts\Controllers\Patients\PatientExpedientCtrl.js
C:\Users\rolan\OneDrive\Escritorio\Github\sihapp.public\Sihapp.Web.App\Sihapp.WebProject\Scripts\Controllers\Patients\PatientExpedientCtrl.js.map
C:\Users\rolan\OneDrive\Escritorio\Github\sihapp.public\Sihapp.Web.App\Sihapp.WebProject\Scripts\Controllers\Patients\PatientPaymentsCtrl.js
C:\Users\rolan\OneDrive\Escritorio\Github\sihapp.public\Sihapp.Web.App\Sihapp.WebProject\Scripts\Controllers\Patients\PatientPaymentsCtrl.js.map
C:\Users\rolan\OneDrive\Escritorio\Github\sihapp.public\Sihapp.Web.App\Sihapp.WebProject\Scripts\Controllers\Patients\PatientRemissionDetailsCtrl.js
C:\Users\rolan\OneDrive\Escritorio\Github\sihapp.public\Sihapp.Web.App\Sihapp.WebProject\Scripts\Controllers\Patients\PatientRemissionDetailsCtrl.js.map
C:\Users\rolan\OneDrive\Escritorio\Github\sihapp.public\Sihapp.Web.App\Sihapp.WebProject\Scripts\Controllers\Patients\PatientsListCtrl.js
C:\Users\rolan\OneDrive\Escritorio\Github\sihapp.public\Sihapp.Web.App\Sihapp.WebProject\Scripts\Controllers\Patients\PatientsListCtrl.js.map
C:\Users\rolan\OneDrive\Escritorio\Github\sihapp.public\Sihapp.Web.App\Sihapp.WebProject\Scripts\Controllers\SihappManagement\SihappManagerV1Ctrl.js
C:\Users\rolan\OneDrive\Escritorio\Github\sihapp.public\Sihapp.Web.App\Sihapp.WebProject\Scripts\Controllers\SihappManagement\SihappManagerV1Ctrl.js.map
C:\Users\rolan\OneDrive\Escritorio\Github\sihapp.public\Sihapp.Web.App\Sihapp.WebProject\Scripts\Controllers\Utils\Utils.js
C:\Users\rolan\OneDrive\Escritorio\Github\sihapp.public\Sihapp.Web.App\Sihapp.WebProject\Scripts\Controllers\Utils\Utils.js.map
C:\Users\rolan\OneDrive\Escritorio\Github\sihapp.public\Sihapp.Web.App\Sihapp.WebProject\Scripts\Controllers\Users\UsersListCtrl.js
C:\Users\rolan\OneDrive\Escritorio\Github\sihapp.public\Sihapp.Web.App\Sihapp.WebProject\Scripts\Controllers\Users\UsersListCtrl.js.map
C:\Users\rolan\OneDrive\Escritorio\Github\sihapp.public\Sihapp.Web.App\Sihapp.WebProject\Scripts\Enums.js
C:\Users\rolan\OneDrive\Escritorio\Github\sihapp.public\Sihapp.Web.App\Sihapp.WebProject\Scripts\Enums.js.map
